<?xml version="1.0" encoding="UTF-8"?>
<testng-results ignored="0" total="1" passed="1" failed="0" skipped="0">
  <reporter-output>
  </reporter-output>
  <suite started-at="2024-01-20T18:37:01 IST" name="Default suite" finished-at="2024-01-20T18:37:03 IST" duration-ms="1782">
    <groups>
    </groups>
    <test started-at="2024-01-20T18:37:01 IST" name="Default test" finished-at="2024-01-20T18:37:03 IST" duration-ms="1782">
      <class name="com.APITesting.RESTAPITesting">
        <test-method signature="testFlightSearchApi()[pri:0, instance:com.APITesting.RESTAPITesting@3d74bf60]" started-at="2024-01-20T18:37:01 IST" name="testFlightSearchApi" finished-at="2024-01-20T18:37:03 IST" duration-ms="1739" status="PASS">
          <reporter-output>
          </reporter-output>
        </test-method> <!-- testFlightSearchApi -->
      </class> <!-- com.APITesting.RESTAPITesting -->
    </test> <!-- Default test -->
  </suite> <!-- Default suite -->
</testng-results>
