<?xml version="1.0" encoding="UTF-8"?>
<testng-results ignored="0" total="2" passed="2" failed="0" skipped="0">
  <reporter-output>
  </reporter-output>
  <suite started-at="2024-01-22T15:15:50 IST" name="Default suite" finished-at="2024-01-22T15:15:52 IST" duration-ms="1779">
    <groups>
    </groups>
    <test started-at="2024-01-22T15:15:50 IST" name="Default test" finished-at="2024-01-22T15:15:52 IST" duration-ms="1779">
      <class name="com.APITesting.RESTAPITesting">
        <test-method signature="testFlightBookingAPI()[pri:0, instance:com.APITesting.RESTAPITesting@72f926e6]" started-at="2024-01-22T15:15:50 IST" name="testFlightBookingAPI" finished-at="2024-01-22T15:15:52 IST" duration-ms="1660" status="PASS">
          <reporter-output>
          </reporter-output>
        </test-method> <!-- testFlightBookingAPI -->
        <test-method signature="testFlightSearchApi()[pri:0, instance:com.APITesting.RESTAPITesting@72f926e6]" started-at="2024-01-22T15:15:52 IST" name="testFlightSearchApi" finished-at="2024-01-22T15:15:52 IST" duration-ms="66" status="PASS">
          <reporter-output>
          </reporter-output>
        </test-method> <!-- testFlightSearchApi -->
      </class> <!-- com.APITesting.RESTAPITesting -->
    </test> <!-- Default test -->
  </suite> <!-- Default suite -->
</testng-results>
